2025-04-09 11:22:11 - root - INFO - action_insert_useless_data_to_end before file:3dc04b683963e8a719983bf011f545dbb3442a504e1bcde2db11d1ac22f6b7fd
2025-04-09 11:22:11 - root - INFO - action_insert_useless_data_to_end after file:2195eba37672149ed4d6ab35bfc79fdb6e42e769cc66a1609e2788bcd3194c0d
2025-04-09 12:57:54 - root - INFO - action_insert_useless_data_to_end before file:3dc04b683963e8a719983bf011f545dbb3442a504e1bcde2db11d1ac22f6b7fd
2025-04-09 12:57:54 - root - INFO - action_insert_useless_data_to_end after file:70ce163a29e5eb99770110d1bc8ab108914d4aa431a766d9a1b24b2edddd3fe2
2025-04-09 13:01:12 - root - INFO - action_create_fake_signature before file:3dc04b683963e8a719983bf011f545dbb3442a504e1bcde2db11d1ac22f6b7fd
2025-04-09 13:01:12 - root - INFO - action_create_fake_signature after file:39339625cdcb661c971c861ac04a78b63f2b0ec5718fab81faa8e76be4823e26
2025-04-09 13:01:26 - root - INFO - action_modify_checksum before file:3dc04b683963e8a719983bf011f545dbb3442a504e1bcde2db11d1ac22f6b7fd
2025-04-09 13:01:26 - root - INFO - action_modify_checksum after file:39339625cdcb661c971c861ac04a78b63f2b0ec5718fab81faa8e76be4823e26
2025-04-09 14:08:19 - root - INFO - action_modify_checksum before file:3dc04b683963e8a719983bf011f545dbb3442a504e1bcde2db11d1ac22f6b7fd
2025-04-09 14:08:19 - root - INFO - action_modify_checksum after file:bba945c31e0c465ee8389eec08a47b8700c42f3253e1fb949926921437e64d52
2025-04-09 14:08:40 - root - INFO - action_modify_timestamp before file:3dc04b683963e8a719983bf011f545dbb3442a504e1bcde2db11d1ac22f6b7fd
2025-04-09 14:08:40 - root - INFO - action_modify_timestamp after file:139ad5a39c29c8a8aaf8c66585bc58938836ce48ca5bc5be6777038669fb2b6a
2025-04-09 14:16:55 - root - INFO - action_rename_random_section before file:3dc04b683963e8a719983bf011f545dbb3442a504e1bcde2db11d1ac22f6b7fd
2025-04-09 14:16:56 - root - INFO - action_rename_random_section after file:235bcb46d8d6e4130ed0fa20d0602f8a0d860c4bfa8173451472fe57c717cfa9
2025-04-09 14:17:18 - root - INFO - action_upx_encryption before file:3dc04b683963e8a719983bf011f545dbb3442a504e1bcde2db11d1ac22f6b7fd
2025-04-09 14:17:19 - root - INFO - action_upx_encryption after file:235bcb46d8d6e4130ed0fa20d0602f8a0d860c4bfa8173451472fe57c717cfa9
2025-04-09 14:17:43 - root - INFO - action_upx_encryption before file:3dc04b683963e8a719983bf011f545dbb3442a504e1bcde2db11d1ac22f6b7fd
2025-04-09 14:17:43 - root - INFO - action_upx_encryption after file:235bcb46d8d6e4130ed0fa20d0602f8a0d860c4bfa8173451472fe57c717cfa9
2025-04-09 14:38:57 - root - INFO - action_add_benign_data_overlay_1 before file:3dc04b683963e8a719983bf011f545dbb3442a504e1bcde2db11d1ac22f6b7fd
2025-04-09 14:38:57 - root - INFO - action_add_benign_data_overlay_1 after file:7337fa9cf71ae0d99b595e2fcc1c9d09f5619e617c645fd2c349cb56ffdf3d00
2025-04-09 16:22:27 - root - INFO - action_add_bytes_to_section_cave_1 before file:3dc04b683963e8a719983bf011f545dbb3442a504e1bcde2db11d1ac22f6b7fd
2025-04-09 16:22:27 - root - INFO - action_add_bytes_to_section_cave_1 after file:ada76614b8085394933d013e799aedc93c4de27e3070eef7e3508f5a3f62fac1
2025-04-09 16:23:01 - root - INFO - action_add_benign_data_overlay_1 before file:3dc04b683963e8a719983bf011f545dbb3442a504e1bcde2db11d1ac22f6b7fd
2025-04-09 16:23:01 - root - INFO - action_add_benign_data_overlay_1 after file:82472093b6bce5b8087145666584def85075e32800a77f71400b7b774f59ce9a
2025-04-09 16:29:37 - root - INFO - action_add_section_benign_data_1 before file:3dc04b683963e8a719983bf011f545dbb3442a504e1bcde2db11d1ac22f6b7fd
2025-04-09 16:29:37 - root - INFO - action_add_section_benign_data_1 after file:07d8970f6e201a9fb0765dc58fc9cca9a3473390cc4634881041f9fa31ac72ae
2025-04-09 16:43:47 - root - INFO - action_break_optional_header_checksum_1 before file:3dc04b683963e8a719983bf011f545dbb3442a504e1bcde2db11d1ac22f6b7fd
2025-04-09 16:43:47 - root - INFO - action_break_optional_header_checksum_1 after file:39339625cdcb661c971c861ac04a78b63f2b0ec5718fab81faa8e76be4823e26
2025-04-09 16:51:43 - root - INFO - action_modify_optional_header_1 before file:3dc04b683963e8a719983bf011f545dbb3442a504e1bcde2db11d1ac22f6b7fd
2025-04-09 16:51:44 - root - INFO - action_modify_optional_header_1 after file:c99edcbb37ac873b033c29c0f41dab4984af9c289b71cf5a8240e053bce1a2a0
